<?xml version="1.0" encoding="UTF-8"?>
<!-- Generated by org.testng.reporters.JUnitXMLReporter -->
<testsuite ignored="0" hostname="SoapMcTavish" failures="0" tests="6" name="Default test" time="53.062" errors="0" timestamp="2023-12-13T20:48:46 IST">
  <testcase classname="com.qa.opencart.test.RegisterAccountTest" name="verifyPageTitle" time="0.036"/>
  <testcase classname="com.qa.opencart.test.RegisterAccountTest" name="accountRegisterWithData" time="7.698"/>
  <testcase classname="com.qa.opencart.test.RegisterAccountTest" name="accountRegisterWithData" time="7.639"/>
  <testcase classname="com.qa.opencart.test.RegisterAccountTest" name="accountRegisterWithData" time="7.679"/>
  <testcase classname="com.qa.opencart.test.RegisterAccountTest" name="accountRegisterWithData" time="7.639"/>
  <testcase classname="com.qa.opencart.test.RegisterAccountTest" name="accountRegister" time="7.697"/>
</testsuite> <!-- Default test -->
