<?xml version="1.0" encoding="UTF-8"?>
<!-- Generated by org.testng.reporters.JUnitXMLReporter -->
<testsuite ignored="0" hostname="SoapMcTavish" failures="0" tests="3" name="Default test" time="50.928" errors="0" timestamp="2023-12-16T14:03:41 IST">
  <testcase classname="com.qa.opencart.test.SearchPageTest" name="addProductToCompareTest" time="2.211"/>
  <testcase classname="com.qa.opencart.test.SearchPageTest" name="addProductToCompareTest" time="2.182"/>
  <testcase classname="com.qa.opencart.test.SearchPageTest" name="addProductToCompareTest" time="2.205"/>
</testsuite> <!-- Default test -->
