<?xml version="1.0" encoding="UTF-8"?>
<testng-results ignored="0" total="3" passed="3" failed="0" skipped="0">
  <reporter-output>
  </reporter-output>
  <suite started-at="2023-12-16T14:02:50 IST" name="Default suite" finished-at="2023-12-16T14:03:41 IST" duration-ms="50928">
    <groups>
    </groups>
    <test started-at="2023-12-16T14:02:50 IST" name="Default test" finished-at="2023-12-16T14:03:41 IST" duration-ms="50928">
      <class name="com.qa.opencart.test.SearchPageTest">
        <test-method is-config="true" signature="setUp()[pri:0, instance:com.qa.opencart.test.SearchPageTest@64ba3208]" started-at="2023-12-16T14:02:52 IST" name="setUp" finished-at="2023-12-16T14:03:08 IST" duration-ms="16307" status="PASS">
          <reporter-output>
          </reporter-output>
        </test-method> <!-- setUp -->
        <test-method signature="addProductToCompareTest(java.lang.String)[pri:1, instance:com.qa.opencart.test.SearchPageTest@64ba3208]" started-at="2023-12-16T14:03:08 IST" name="addProductToCompareTest" data-provider="ProductTestData" finished-at="2023-12-16T14:03:10 IST" duration-ms="2211" status="PASS">
          <params>
            <param index="0">
              <value>
                <![CDATA[MacBook]]>
              </value>
            </param>
          </params>
          <reporter-output>
          </reporter-output>
        </test-method> <!-- addProductToCompareTest -->
        <test-method is-config="true" signature="tearDown()[pri:0, instance:com.qa.opencart.test.SearchPageTest@64ba3208]" started-at="2023-12-16T14:03:10 IST" name="tearDown" finished-at="2023-12-16T14:03:10 IST" duration-ms="228" status="PASS">
          <reporter-output>
          </reporter-output>
        </test-method> <!-- tearDown -->
        <test-method is-config="true" signature="setUp()[pri:0, instance:com.qa.opencart.test.SearchPageTest@64ba3208]" started-at="2023-12-16T14:03:10 IST" name="setUp" finished-at="2023-12-16T14:03:24 IST" duration-ms="13185" status="PASS">
          <reporter-output>
          </reporter-output>
        </test-method> <!-- setUp -->
        <test-method signature="addProductToCompareTest(java.lang.String)[pri:1, instance:com.qa.opencart.test.SearchPageTest@64ba3208]" started-at="2023-12-16T14:03:24 IST" name="addProductToCompareTest" data-provider="ProductTestData" finished-at="2023-12-16T14:03:26 IST" duration-ms="2182" status="PASS">
          <params>
            <param index="0">
              <value>
                <![CDATA[MacBook Air]]>
              </value>
            </param>
          </params>
          <reporter-output>
          </reporter-output>
        </test-method> <!-- addProductToCompareTest -->
        <test-method is-config="true" signature="tearDown()[pri:0, instance:com.qa.opencart.test.SearchPageTest@64ba3208]" started-at="2023-12-16T14:03:26 IST" name="tearDown" finished-at="2023-12-16T14:03:26 IST" duration-ms="180" status="PASS">
          <reporter-output>
          </reporter-output>
        </test-method> <!-- tearDown -->
        <test-method is-config="true" signature="setUp()[pri:0, instance:com.qa.opencart.test.SearchPageTest@64ba3208]" started-at="2023-12-16T14:03:26 IST" name="setUp" finished-at="2023-12-16T14:03:39 IST" duration-ms="13030" status="PASS">
          <reporter-output>
          </reporter-output>
        </test-method> <!-- setUp -->
        <test-method signature="addProductToCompareTest(java.lang.String)[pri:1, instance:com.qa.opencart.test.SearchPageTest@64ba3208]" started-at="2023-12-16T14:03:39 IST" name="addProductToCompareTest" data-provider="ProductTestData" finished-at="2023-12-16T14:03:41 IST" duration-ms="2205" status="PASS">
          <params>
            <param index="0">
              <value>
                <![CDATA[MacBook Pro]]>
              </value>
            </param>
          </params>
          <reporter-output>
          </reporter-output>
        </test-method> <!-- addProductToCompareTest -->
        <test-method is-config="true" signature="tearDown()[pri:0, instance:com.qa.opencart.test.SearchPageTest@64ba3208]" started-at="2023-12-16T14:03:41 IST" name="tearDown" finished-at="2023-12-16T14:03:41 IST" duration-ms="201" status="PASS">
          <reporter-output>
          </reporter-output>
        </test-method> <!-- tearDown -->
      </class> <!-- com.qa.opencart.test.SearchPageTest -->
    </test> <!-- Default test -->
  </suite> <!-- Default suite -->
</testng-results>
