<?xml version="1.0" encoding="UTF-8"?>
<testng-results ignored="0" total="11" passed="11" failed="0" skipped="0">
  <reporter-output>
  </reporter-output>
  <suite started-at="2023-12-14T19:51:43 IST" name="OpenCartSuite" finished-at="2023-12-14T19:53:12 IST" duration-ms="88920">
    <groups>
    </groups>
    <test started-at="2023-12-14T19:51:43 IST" name="OpenCartTest" finished-at="2023-12-14T19:53:12 IST" duration-ms="88920">
      <class name="com.qa.opencart.test.MyAccountPageTest">
        <test-method is-config="true" signature="setup()[pri:0, instance:com.qa.opencart.test.MyAccountPageTest@2320fa6f]" started-at="2023-12-14T19:52:44 IST" name="setup" finished-at="2023-12-14T19:52:52 IST" duration-ms="8171" status="PASS">
          <reporter-output>
          </reporter-output>
        </test-method> <!-- setup -->
        <test-method signature="verifyPageTitleTest()[pri:1, instance:com.qa.opencart.test.MyAccountPageTest@2320fa6f]" started-at="2023-12-14T19:52:52 IST" name="verifyPageTitleTest" finished-at="2023-12-14T19:52:52 IST" duration-ms="14" status="PASS">
          <reporter-output>
          </reporter-output>
        </test-method> <!-- verifyPageTitleTest -->
        <test-method is-config="true" signature="tearDown()[pri:0, instance:com.qa.opencart.test.MyAccountPageTest@2320fa6f]" started-at="2023-12-14T19:52:52 IST" name="tearDown" finished-at="2023-12-14T19:52:52 IST" duration-ms="172" status="PASS">
          <reporter-output>
          </reporter-output>
        </test-method> <!-- tearDown -->
        <test-method is-config="true" signature="setup()[pri:0, instance:com.qa.opencart.test.MyAccountPageTest@2320fa6f]" started-at="2023-12-14T19:52:52 IST" name="setup" finished-at="2023-12-14T19:53:00 IST" duration-ms="8213" status="PASS">
          <reporter-output>
          </reporter-output>
        </test-method> <!-- setup -->
        <test-method signature="verifySearchContent()[pri:2, instance:com.qa.opencart.test.MyAccountPageTest@2320fa6f]" started-at="2023-12-14T19:53:00 IST" name="verifySearchContent" finished-at="2023-12-14T19:53:03 IST" duration-ms="2846" status="PASS">
          <reporter-output>
          </reporter-output>
        </test-method> <!-- verifySearchContent -->
        <test-method is-config="true" signature="tearDown()[pri:0, instance:com.qa.opencart.test.MyAccountPageTest@2320fa6f]" started-at="2023-12-14T19:53:03 IST" name="tearDown" finished-at="2023-12-14T19:53:03 IST" duration-ms="173" status="PASS">
          <reporter-output>
          </reporter-output>
        </test-method> <!-- tearDown -->
        <test-method is-config="true" signature="setup()[pri:0, instance:com.qa.opencart.test.MyAccountPageTest@2320fa6f]" started-at="2023-12-14T19:53:03 IST" name="setup" finished-at="2023-12-14T19:53:12 IST" duration-ms="8178" status="PASS">
          <reporter-output>
          </reporter-output>
        </test-method> <!-- setup -->
        <test-method signature="verifyMyAccountPageLogoTest()[pri:3, instance:com.qa.opencart.test.MyAccountPageTest@2320fa6f]" started-at="2023-12-14T19:53:12 IST" name="verifyMyAccountPageLogoTest" finished-at="2023-12-14T19:53:12 IST" duration-ms="40" status="PASS">
          <reporter-output>
          </reporter-output>
        </test-method> <!-- verifyMyAccountPageLogoTest -->
        <test-method is-config="true" signature="tearDown()[pri:0, instance:com.qa.opencart.test.MyAccountPageTest@2320fa6f]" started-at="2023-12-14T19:53:12 IST" name="tearDown" finished-at="2023-12-14T19:53:12 IST" duration-ms="196" status="PASS">
          <reporter-output>
          </reporter-output>
        </test-method> <!-- tearDown -->
      </class> <!-- com.qa.opencart.test.MyAccountPageTest -->
      <class name="com.qa.opencart.test.LoginPageTest">
        <test-method is-config="true" signature="setup()[pri:0, instance:com.qa.opencart.test.LoginPageTest@158a3b2e]" started-at="2023-12-14T19:51:43 IST" name="setup" finished-at="2023-12-14T19:51:45 IST" duration-ms="2472" status="PASS">
          <reporter-output>
          </reporter-output>
        </test-method> <!-- setup -->
        <test-method signature="verifyLoginPageTitleTest()[pri:1, instance:com.qa.opencart.test.LoginPageTest@158a3b2e]" started-at="2023-12-14T19:51:45 IST" name="verifyLoginPageTitleTest" finished-at="2023-12-14T19:51:45 IST" duration-ms="19" status="PASS">
          <reporter-output>
          </reporter-output>
        </test-method> <!-- verifyLoginPageTitleTest -->
        <test-method is-config="true" signature="tearDown()[pri:0, instance:com.qa.opencart.test.LoginPageTest@158a3b2e]" started-at="2023-12-14T19:51:45 IST" name="tearDown" finished-at="2023-12-14T19:51:46 IST" duration-ms="179" status="PASS">
          <reporter-output>
          </reporter-output>
        </test-method> <!-- tearDown -->
        <test-method is-config="true" signature="setup()[pri:0, instance:com.qa.opencart.test.LoginPageTest@158a3b2e]" started-at="2023-12-14T19:51:46 IST" name="setup" finished-at="2023-12-14T19:51:48 IST" duration-ms="2029" status="PASS">
          <reporter-output>
          </reporter-output>
        </test-method> <!-- setup -->
        <test-method signature="verifyLogin()[pri:2, instance:com.qa.opencart.test.LoginPageTest@158a3b2e]" started-at="2023-12-14T19:51:48 IST" name="verifyLogin" finished-at="2023-12-14T19:51:52 IST" duration-ms="4370" status="PASS">
          <reporter-output>
          </reporter-output>
        </test-method> <!-- verifyLogin -->
        <test-method is-config="true" signature="tearDown()[pri:0, instance:com.qa.opencart.test.LoginPageTest@158a3b2e]" started-at="2023-12-14T19:51:52 IST" name="tearDown" finished-at="2023-12-14T19:51:52 IST" duration-ms="183" status="PASS">
          <reporter-output>
          </reporter-output>
        </test-method> <!-- tearDown -->
      </class> <!-- com.qa.opencart.test.LoginPageTest -->
      <class name="com.qa.opencart.test.RegisterAccountTest">
        <test-method is-config="true" signature="setUp()[pri:0, instance:com.qa.opencart.test.RegisterAccountTest@37052337]" started-at="2023-12-14T19:51:52 IST" name="setUp" finished-at="2023-12-14T19:51:54 IST" duration-ms="2033" status="PASS">
          <reporter-output>
          </reporter-output>
        </test-method> <!-- setUp -->
        <test-method signature="verifyPageTitle()[pri:1, instance:com.qa.opencart.test.RegisterAccountTest@37052337]" started-at="2023-12-14T19:51:54 IST" name="verifyPageTitle" finished-at="2023-12-14T19:51:54 IST" duration-ms="10" status="PASS">
          <reporter-output>
          </reporter-output>
        </test-method> <!-- verifyPageTitle -->
        <test-method is-config="true" signature="tearDown()[pri:0, instance:com.qa.opencart.test.RegisterAccountTest@37052337]" started-at="2023-12-14T19:51:54 IST" name="tearDown" finished-at="2023-12-14T19:51:54 IST" duration-ms="194" status="PASS">
          <reporter-output>
          </reporter-output>
        </test-method> <!-- tearDown -->
        <test-method is-config="true" signature="setUp()[pri:0, instance:com.qa.opencart.test.RegisterAccountTest@37052337]" started-at="2023-12-14T19:51:55 IST" name="setUp" finished-at="2023-12-14T19:51:57 IST" duration-ms="1922" status="PASS">
          <reporter-output>
          </reporter-output>
        </test-method> <!-- setUp -->
        <test-method signature="accountRegisterWithData(java.lang.String,java.lang.String,java.lang.String,java.lang.String)[pri:2, instance:com.qa.opencart.test.RegisterAccountTest@37052337]" started-at="2023-12-14T19:51:57 IST" name="accountRegisterWithData" data-provider="testData" finished-at="2023-12-14T19:52:05 IST" duration-ms="7664" status="PASS">
          <params>
            <param index="0">
              <value>
                <![CDATA[Rahul]]>
              </value>
            </param>
            <param index="1">
              <value>
                <![CDATA[Ganesh]]>
              </value>
            </param>
            <param index="2">
              <value>
                <![CDATA[rah123@gmail.com]]>
              </value>
            </param>
            <param index="3">
              <value>
                <![CDATA[Rahul123@@]]>
              </value>
            </param>
          </params>
          <reporter-output>
          </reporter-output>
        </test-method> <!-- accountRegisterWithData -->
        <test-method is-config="true" signature="tearDown()[pri:0, instance:com.qa.opencart.test.RegisterAccountTest@37052337]" started-at="2023-12-14T19:52:05 IST" name="tearDown" finished-at="2023-12-14T19:52:05 IST" duration-ms="187" status="PASS">
          <reporter-output>
          </reporter-output>
        </test-method> <!-- tearDown -->
        <test-method is-config="true" signature="setUp()[pri:0, instance:com.qa.opencart.test.RegisterAccountTest@37052337]" started-at="2023-12-14T19:52:05 IST" name="setUp" finished-at="2023-12-14T19:52:07 IST" duration-ms="1929" status="PASS">
          <reporter-output>
          </reporter-output>
        </test-method> <!-- setUp -->
        <test-method signature="accountRegisterWithData(java.lang.String,java.lang.String,java.lang.String,java.lang.String)[pri:2, instance:com.qa.opencart.test.RegisterAccountTest@37052337]" started-at="2023-12-14T19:52:07 IST" name="accountRegisterWithData" data-provider="testData" finished-at="2023-12-14T19:52:14 IST" duration-ms="7667" status="PASS">
          <params>
            <param index="0">
              <value>
                <![CDATA[XYZ]]>
              </value>
            </param>
            <param index="1">
              <value>
                <![CDATA[xyz]]>
              </value>
            </param>
            <param index="2">
              <value>
                <![CDATA[XYZ@gmail.com]]>
              </value>
            </param>
            <param index="3">
              <value>
                <![CDATA[xyzXYZ@1]]>
              </value>
            </param>
          </params>
          <reporter-output>
          </reporter-output>
        </test-method> <!-- accountRegisterWithData -->
        <test-method is-config="true" signature="tearDown()[pri:0, instance:com.qa.opencart.test.RegisterAccountTest@37052337]" started-at="2023-12-14T19:52:14 IST" name="tearDown" finished-at="2023-12-14T19:52:15 IST" duration-ms="192" status="PASS">
          <reporter-output>
          </reporter-output>
        </test-method> <!-- tearDown -->
        <test-method is-config="true" signature="setUp()[pri:0, instance:com.qa.opencart.test.RegisterAccountTest@37052337]" started-at="2023-12-14T19:52:15 IST" name="setUp" finished-at="2023-12-14T19:52:16 IST" duration-ms="1910" status="PASS">
          <reporter-output>
          </reporter-output>
        </test-method> <!-- setUp -->
        <test-method signature="accountRegisterWithData(java.lang.String,java.lang.String,java.lang.String,java.lang.String)[pri:2, instance:com.qa.opencart.test.RegisterAccountTest@37052337]" started-at="2023-12-14T19:52:16 IST" name="accountRegisterWithData" data-provider="testData" finished-at="2023-12-14T19:52:24 IST" duration-ms="7667" status="PASS">
          <params>
            <param index="0">
              <value>
                <![CDATA[ABC]]>
              </value>
            </param>
            <param index="1">
              <value>
                <![CDATA[abc]]>
              </value>
            </param>
            <param index="2">
              <value>
                <![CDATA[ABC@gmail.com]]>
              </value>
            </param>
            <param index="3">
              <value>
                <![CDATA[ABCabc@1]]>
              </value>
            </param>
          </params>
          <reporter-output>
          </reporter-output>
        </test-method> <!-- accountRegisterWithData -->
        <test-method is-config="true" signature="tearDown()[pri:0, instance:com.qa.opencart.test.RegisterAccountTest@37052337]" started-at="2023-12-14T19:52:24 IST" name="tearDown" finished-at="2023-12-14T19:52:24 IST" duration-ms="201" status="PASS">
          <reporter-output>
          </reporter-output>
        </test-method> <!-- tearDown -->
        <test-method is-config="true" signature="setUp()[pri:0, instance:com.qa.opencart.test.RegisterAccountTest@37052337]" started-at="2023-12-14T19:52:24 IST" name="setUp" finished-at="2023-12-14T19:52:26 IST" duration-ms="1839" status="PASS">
          <reporter-output>
          </reporter-output>
        </test-method> <!-- setUp -->
        <test-method signature="accountRegisterWithData(java.lang.String,java.lang.String,java.lang.String,java.lang.String)[pri:2, instance:com.qa.opencart.test.RegisterAccountTest@37052337]" started-at="2023-12-14T19:52:26 IST" name="accountRegisterWithData" data-provider="testData" finished-at="2023-12-14T19:52:34 IST" duration-ms="7651" status="PASS">
          <params>
            <param index="0">
              <value>
                <![CDATA[DEF]]>
              </value>
            </param>
            <param index="1">
              <value>
                <![CDATA[def]]>
              </value>
            </param>
            <param index="2">
              <value>
                <![CDATA[DEF@gmail.com]]>
              </value>
            </param>
            <param index="3">
              <value>
                <![CDATA[DEFdef@12]]>
              </value>
            </param>
          </params>
          <reporter-output>
          </reporter-output>
        </test-method> <!-- accountRegisterWithData -->
        <test-method is-config="true" signature="tearDown()[pri:0, instance:com.qa.opencart.test.RegisterAccountTest@37052337]" started-at="2023-12-14T19:52:34 IST" name="tearDown" finished-at="2023-12-14T19:52:34 IST" duration-ms="183" status="PASS">
          <reporter-output>
          </reporter-output>
        </test-method> <!-- tearDown -->
        <test-method is-config="true" signature="setUp()[pri:0, instance:com.qa.opencart.test.RegisterAccountTest@37052337]" started-at="2023-12-14T19:52:34 IST" name="setUp" finished-at="2023-12-14T19:52:36 IST" duration-ms="1838" status="PASS">
          <reporter-output>
          </reporter-output>
        </test-method> <!-- setUp -->
        <test-method signature="accountRegister()[pri:3, instance:com.qa.opencart.test.RegisterAccountTest@37052337]" started-at="2023-12-14T19:52:36 IST" name="accountRegister" finished-at="2023-12-14T19:52:44 IST" duration-ms="7737" status="PASS">
          <reporter-output>
          </reporter-output>
        </test-method> <!-- accountRegister -->
        <test-method is-config="true" signature="tearDown()[pri:0, instance:com.qa.opencart.test.RegisterAccountTest@37052337]" started-at="2023-12-14T19:52:44 IST" name="tearDown" finished-at="2023-12-14T19:52:44 IST" duration-ms="201" status="PASS">
          <reporter-output>
          </reporter-output>
        </test-method> <!-- tearDown -->
      </class> <!-- com.qa.opencart.test.RegisterAccountTest -->
    </test> <!-- OpenCartTest -->
  </suite> <!-- OpenCartSuite -->
</testng-results>
