<?xml version="1.0" encoding="UTF-8"?>
<!-- Generated by org.testng.reporters.JUnitXMLReporter -->
<testsuite ignored="0" hostname="SoapMcTavish" failures="0" tests="11" name="OpenCartTest" time="88.92" errors="0" timestamp="2023-12-14T19:53:12 IST">
  <testcase classname="com.qa.opencart.test.LoginPageTest" name="verifyLoginPageTitleTest" time="0.019"/>
  <testcase classname="com.qa.opencart.test.LoginPageTest" name="verifyLogin" time="4.37"/>
  <testcase classname="com.qa.opencart.test.RegisterAccountTest" name="verifyPageTitle" time="0.01"/>
  <testcase classname="com.qa.opencart.test.RegisterAccountTest" name="accountRegisterWithData" time="7.664"/>
  <testcase classname="com.qa.opencart.test.RegisterAccountTest" name="accountRegisterWithData" time="7.667"/>
  <testcase classname="com.qa.opencart.test.RegisterAccountTest" name="accountRegisterWithData" time="7.667"/>
  <testcase classname="com.qa.opencart.test.RegisterAccountTest" name="accountRegisterWithData" time="7.651"/>
  <testcase classname="com.qa.opencart.test.RegisterAccountTest" name="accountRegister" time="7.737"/>
  <testcase classname="com.qa.opencart.test.MyAccountPageTest" name="verifyPageTitleTest" time="0.014"/>
  <testcase classname="com.qa.opencart.test.MyAccountPageTest" name="verifySearchContent" time="2.846"/>
  <testcase classname="com.qa.opencart.test.MyAccountPageTest" name="verifyMyAccountPageLogoTest" time="0.04"/>
</testsuite> <!-- OpenCartTest -->
