<?xml version="1.0" encoding="UTF-8"?>
<!-- Generated by org.testng.reporters.JUnitXMLReporter -->
<testsuite ignored="0" hostname="SoapMcTavish" failures="0" tests="11" name="OpenCartTest" time="89.859" errors="0" timestamp="2023-12-13T20:50:36 IST">
  <testcase classname="com.qa.opencart.test.LoginPageTest" name="verifyLoginPageTitleTest" time="0.029"/>
  <testcase classname="com.qa.opencart.test.LoginPageTest" name="verifyLogin" time="4.342"/>
  <testcase classname="com.qa.opencart.test.RegisterAccountTest" name="verifyPageTitle" time="0.012"/>
  <testcase classname="com.qa.opencart.test.RegisterAccountTest" name="accountRegisterWithData" time="7.732"/>
  <testcase classname="com.qa.opencart.test.RegisterAccountTest" name="accountRegisterWithData" time="7.676"/>
  <testcase classname="com.qa.opencart.test.RegisterAccountTest" name="accountRegisterWithData" time="7.628"/>
  <testcase classname="com.qa.opencart.test.RegisterAccountTest" name="accountRegisterWithData" time="7.673"/>
  <testcase classname="com.qa.opencart.test.RegisterAccountTest" name="accountRegister" time="7.727"/>
  <testcase classname="com.qa.opencart.test.MyAccountPageTest" name="verifyPageTitleTest" time="0.009"/>
  <testcase classname="com.qa.opencart.test.MyAccountPageTest" name="verifySearchContent" time="2.853"/>
  <testcase classname="com.qa.opencart.test.MyAccountPageTest" name="verifyMyAccountPageLogoTest" time="0.09"/>
</testsuite> <!-- OpenCartTest -->
